# JRE version: OpenJDK Runtime Environment Temurin-21.0.9+10 (21.0.9+10) (build 21.0.9+10-LTS)
# Java VM: OpenJDK 64-Bit Server VM Temurin-21.0.9+10 (21.0.9+10-LTS, mixed mode, sharing, tiered, compressed oops, compressed class ptrs, parallel gc, windows-amd64)
GC Precious Log:
 CardTable entry size: 512
 CPUs: 8 total, 8 available
 Memory: 3460M
 Large Page Support: Disabled
 NUMA Support: Disabled
 Compressed Oops: Enabled (32-bit)
 Alignments: Space 512K, Generation 512K, Heap 2M
 Heap Min Capacity: 100M
 Heap Initial Capacity: 100M
 Heap Max Capacity: 2G
 Pre-touch: Disabled
 Parallel Workers: 8
Heap:
 PSYoungGen      total 15872K, used 3738K [0x00000000d5580000, 0x00000000d6680000, 0x0000000100000000)
  eden space 15360K, 21% used [0x00000000d5580000,0x00000000d58b6b40,0x00000000d6480000)
  from space 512K, 87% used [0x00000000d6600000,0x00000000d6670000,0x00000000d6680000)
  to   space 1024K, 0% used [0x00000000d6480000,0x00000000d6480000,0x00000000d6580000)
 ParOldGen       total 68608K, used 48868K [0x0000000080000000, 0x0000000084300000, 0x00000000d5580000)
  object space 68608K, 71% used [0x0000000080000000,0x0000000082fb9150,0x0000000084300000)
 Metaspace       used 54850K, committed 56192K, reserved 1114112K
  class space    used 5924K, committed 6528K, reserved 1048576K
GC Heap History (20 events):
Event: 41.272 GC heap before
{Heap before GC invocations=29 (full 2):
 PSYoungGen      total 16896K, used 16896K [0x00000000d5580000, 0x00000000d6c80000, 0x0000000100000000)
  eden space 16384K, 100% used [0x00000000d5580000,0x00000000d6580000,0x00000000d6580000)
  from space 512K, 100% used [0x00000000d6980000,0x00000000d6a00000,0x00000000d6a00000)
  to   space 3584K, 0% used [0x00000000d6580000,0x00000000d6580000,0x00000000d6900000)
 ParOldGen       total 68608K, used 38656K [0x0000000080000000, 0x0000000084300000, 0x00000000d5580000)
  object space 68608K, 56% used [0x0000000080000000,0x00000000825c03c8,0x0000000084300000)
 Metaspace       used 48983K, committed 50304K, reserved 1114112K
  class space    used 5314K, committed 5888K, reserved 1048576K
}
Event: 41.279 GC heap after
{Heap after GC invocations=29 (full 2):
 PSYoungGen      total 18432K, used 1636K [0x00000000d5580000, 0x00000000d6a80000, 0x0000000100000000)
  eden space 16384K, 0% used [0x00000000d5580000,0x00000000d5580000,0x00000000d6580000)
  from space 2048K, 79% used [0x00000000d6580000,0x00000000d6719000,0x00000000d6780000)
  to   space 2560K, 0% used [0x00000000d6800000,0x00000000d6800000,0x00000000d6a80000)
 ParOldGen       total 68608K, used 39191K [0x0000000080000000, 0x0000000084300000, 0x00000000d5580000)
  object space 68608K, 57% used [0x0000000080000000,0x0000000082645d78,0x0000000084300000)
 Metaspace       used 48983K, committed 50304K, reserved 1114112K
  class space    used 5314K, committed 5888K, reserved 1048576K
}
Event: 41.524 GC heap before
{Heap before GC invocations=30 (full 2):
 PSYoungGen      total 18432K, used 18020K [0x00000000d5580000, 0x00000000d6a80000, 0x0000000100000000)
  eden space 16384K, 100% used [0x00000000d5580000,0x00000000d6580000,0x00000000d6580000)
  from space 2048K, 79% used [0x00000000d6580000,0x00000000d6719000,0x00000000d6780000)
  to   space 2560K, 0% used [0x00000000d6800000,0x00000000d6800000,0x00000000d6a80000)
 ParOldGen       total 68608K, used 39191K [0x0000000080000000, 0x0000000084300000, 0x00000000d5580000)
  object space 68608K, 57% used [0x0000000080000000,0x0000000082645d78,0x0000000084300000)
 Metaspace       used 48985K, committed 50304K, reserved 1114112K
  class space    used 5314K, committed 5888K, reserved 1048576K
}
Event: 41.532 GC heap after
{Heap after GC invocations=30 (full 2):
 PSYoungGen      total 17920K, used 1472K [0x00000000d5580000, 0x00000000d6980000, 0x0000000100000000)
  eden space 16384K, 0% used [0x00000000d5580000,0x00000000d5580000,0x00000000d6580000)
  from space 1536K, 95% used [0x00000000d6800000,0x00000000d6970000,0x00000000d6980000)
  to   space 2048K, 0% used [0x00000000d6580000,0x00000000d6580000,0x00000000d6780000)
 ParOldGen       total 68608K, used 40700K [0x0000000080000000, 0x0000000084300000, 0x00000000d5580000)
  object space 68608K, 59% used [0x0000000080000000,0x00000000827bf3a0,0x0000000084300000)
 Metaspace       used 48985K, committed 50304K, reserved 1114112K
  class space    used 5314K, committed 5888K, reserved 1048576K
}
Event: 41.840 GC heap before
{Heap before GC invocations=31 (full 2):
 PSYoungGen      total 17920K, used 17856K [0x00000000d5580000, 0x00000000d6980000, 0x0000000100000000)
  eden space 16384K, 100% used [0x00000000d5580000,0x00000000d6580000,0x00000000d6580000)
  from space 1536K, 95% used [0x00000000d6800000,0x00000000d6970000,0x00000000d6980000)
  to   space 2048K, 0% used [0x00000000d6580000,0x00000000d6580000,0x00000000d6780000)
 ParOldGen       total 68608K, used 40700K [0x0000000080000000, 0x0000000084300000, 0x00000000d5580000)
  object space 68608K, 59% used [0x0000000080000000,0x00000000827bf3a0,0x0000000084300000)
 Metaspace       used 49033K, committed 50368K, reserved 1114112K
  class space    used 5317K, committed 5888K, reserved 1048576K
}
Event: 41.849 GC heap after
{Heap after GC invocations=31 (full 2):
 PSYoungGen      total 18432K, used 1664K [0x00000000d5580000, 0x00000000d6980000, 0x0000000100000000)
  eden space 16384K, 0% used [0x00000000d5580000,0x00000000d5580000,0x00000000d6580000)
  from space 2048K, 81% used [0x00000000d6580000,0x00000000d6720010,0x00000000d6780000)
  to   space 2048K, 0% used [0x00000000d6780000,0x00000000d6780000,0x00000000d6980000)
 ParOldGen       total 68608K, used 42108K [0x0000000080000000, 0x0000000084300000, 0x00000000d5580000)
  object space 68608K, 61% used [0x0000000080000000,0x000000008291f3a0,0x0000000084300000)
 Metaspace       used 49033K, committed 50368K, reserved 1114112K
  class space    used 5317K, committed 5888K, reserved 1048576K
}
Event: 42.148 GC heap before
{Heap before GC invocations=32 (full 2):
 PSYoungGen      total 18432K, used 18048K [0x00000000d5580000, 0x00000000d6980000, 0x0000000100000000)
  eden space 16384K, 100% used [0x00000000d5580000,0x00000000d6580000,0x00000000d6580000)
  from space 2048K, 81% used [0x00000000d6580000,0x00000000d6720010,0x00000000d6780000)
  to   space 2048K, 0% used [0x00000000d6780000,0x00000000d6780000,0x00000000d6980000)
 ParOldGen       total 68608K, used 42108K [0x0000000080000000, 0x0000000084300000, 0x00000000d5580000)
  object space 68608K, 61% used [0x0000000080000000,0x000000008291f3a0,0x0000000084300000)
 Metaspace       used 49039K, committed 50368K, reserved 1114112K
  class space    used 5317K, committed 5888K, reserved 1048576K
}
Event: 42.190 GC heap after
{Heap after GC invocations=32 (full 2):
 PSYoungGen      total 18432K, used 1464K [0x00000000d5580000, 0x00000000d6980000, 0x0000000100000000)
  eden space 16384K, 0% used [0x00000000d5580000,0x00000000d5580000,0x00000000d6580000)
  from space 2048K, 71% used [0x00000000d6780000,0x00000000d68ee200,0x00000000d6980000)
  to   space 2048K, 0% used [0x00000000d6580000,0x00000000d6580000,0x00000000d6780000)
 ParOldGen       total 68608K, used 43660K [0x0000000080000000, 0x0000000084300000, 0x00000000d5580000)
  object space 68608K, 63% used [0x0000000080000000,0x0000000082aa33b0,0x0000000084300000)
 Metaspace       used 49039K, committed 50368K, reserved 1114112K
  class space    used 5317K, committed 5888K, reserved 1048576K
}
Event: 43.441 GC heap before
{Heap before GC invocations=33 (full 2):
 PSYoungGen      total 18432K, used 17848K [0x00000000d5580000, 0x00000000d6980000, 0x0000000100000000)
  eden space 16384K, 100% used [0x00000000d5580000,0x00000000d6580000,0x00000000d6580000)
  from space 2048K, 71% used [0x00000000d6780000,0x00000000d68ee200,0x00000000d6980000)
  to   space 2048K, 0% used [0x00000000d6580000,0x00000000d6580000,0x00000000d6780000)
 ParOldGen       total 68608K, used 43660K [0x0000000080000000, 0x0000000084300000, 0x00000000d5580000)
  object space 68608K, 63% used [0x0000000080000000,0x0000000082aa33b0,0x0000000084300000)
 Metaspace       used 50193K, committed 51584K, reserved 1114112K
  class space    used 5468K, committed 6080K, reserved 1048576K
}
Event: 43.451 GC heap after
{Heap after GC invocations=33 (full 2):
 PSYoungGen      total 17920K, used 1030K [0x00000000d5580000, 0x00000000d6880000, 0x0000000100000000)
  eden space 16384K, 0% used [0x00000000d5580000,0x00000000d5580000,0x00000000d6580000)
  from space 1536K, 67% used [0x00000000d6580000,0x00000000d6681998,0x00000000d6700000)
  to   space 1536K, 0% used [0x00000000d6700000,0x00000000d6700000,0x00000000d6880000)
 ParOldGen       total 68608K, used 45021K [0x0000000080000000, 0x0000000084300000, 0x00000000d5580000)
  object space 68608K, 65% used [0x0000000080000000,0x0000000082bf75b0,0x0000000084300000)
 Metaspace       used 50193K, committed 51584K, reserved 1114112K
  class space    used 5468K, committed 6080K, reserved 1048576K
}
Event: 46.231 GC heap before
{Heap before GC invocations=34 (full 2):
 PSYoungGen      total 17920K, used 17414K [0x00000000d5580000, 0x00000000d6880000, 0x0000000100000000)
  eden space 16384K, 100% used [0x00000000d5580000,0x00000000d6580000,0x00000000d6580000)
  from space 1536K, 67% used [0x00000000d6580000,0x00000000d6681998,0x00000000d6700000)
  to   space 1536K, 0% used [0x00000000d6700000,0x00000000d6700000,0x00000000d6880000)
 ParOldGen       total 68608K, used 45021K [0x0000000080000000, 0x0000000084300000, 0x00000000d5580000)
  object space 68608K, 65% used [0x0000000080000000,0x0000000082bf75b0,0x0000000084300000)
 Metaspace       used 51126K, committed 52480K, reserved 1114112K
  class space    used 5612K, committed 6208K, reserved 1048576K
}
Event: 46.252 GC heap after
{Heap after GC invocations=34 (full 2):
 PSYoungGen      total 17408K, used 628K [0x00000000d5580000, 0x00000000d6800000, 0x0000000100000000)
  eden space 16384K, 0% used [0x00000000d5580000,0x00000000d5580000,0x00000000d6580000)
  from space 1024K, 61% used [0x00000000d6700000,0x00000000d679d3c8,0x00000000d6800000)
  to   space 1024K, 0% used [0x00000000d6600000,0x00000000d6600000,0x00000000d6700000)
 ParOldGen       total 68608K, used 45890K [0x0000000080000000, 0x0000000084300000, 0x00000000d5580000)
  object space 68608K, 66% used [0x0000000080000000,0x0000000082cd0ac0,0x0000000084300000)
 Metaspace       used 51126K, committed 52480K, reserved 1114112K
  class space    used 5612K, committed 6208K, reserved 1048576K
}
Event: 49.215 GC heap before
{Heap before GC invocations=35 (full 2):
 PSYoungGen      total 17408K, used 17012K [0x00000000d5580000, 0x00000000d6800000, 0x0000000100000000)
  eden space 16384K, 100% used [0x00000000d5580000,0x00000000d6580000,0x00000000d6580000)
  from space 1024K, 61% used [0x00000000d6700000,0x00000000d679d3c8,0x00000000d6800000)
  to   space 1024K, 0% used [0x00000000d6600000,0x00000000d6600000,0x00000000d6700000)
 ParOldGen       total 68608K, used 45890K [0x0000000080000000, 0x0000000084300000, 0x00000000d5580000)
  object space 68608K, 66% used [0x0000000080000000,0x0000000082cd0ac0,0x0000000084300000)
 Metaspace       used 52044K, committed 53440K, reserved 1114112K
  class space    used 5702K, committed 6272K, reserved 1048576K
}
Event: 49.229 GC heap after
{Heap after GC invocations=35 (full 2):
 PSYoungGen      total 17408K, used 352K [0x00000000d5580000, 0x00000000d6780000, 0x0000000100000000)
  eden space 16384K, 0% used [0x00000000d5580000,0x00000000d5580000,0x00000000d6580000)
  from space 1024K, 34% used [0x00000000d6600000,0x00000000d6658000,0x00000000d6700000)
  to   space 512K, 0% used [0x00000000d6700000,0x00000000d6700000,0x00000000d6780000)
 ParOldGen       total 68608K, used 46359K [0x0000000080000000, 0x0000000084300000, 0x00000000d5580000)
  object space 68608K, 67% used [0x0000000080000000,0x0000000082d45d20,0x0000000084300000)
 Metaspace       used 52044K, committed 53440K, reserved 1114112K
  class space    used 5702K, committed 6272K, reserved 1048576K
}
Event: 50.135 GC heap before
{Heap before GC invocations=36 (full 2):
 PSYoungGen      total 17408K, used 16736K [0x00000000d5580000, 0x00000000d6780000, 0x0000000100000000)
  eden space 16384K, 100% used [0x00000000d5580000,0x00000000d6580000,0x00000000d6580000)
  from space 1024K, 34% used [0x00000000d6600000,0x00000000d6658000,0x00000000d6700000)
  to   space 512K, 0% used [0x00000000d6700000,0x00000000d6700000,0x00000000d6780000)
 ParOldGen       total 68608K, used 46359K [0x0000000080000000, 0x0000000084300000, 0x00000000d5580000)
  object space 68608K, 67% used [0x0000000080000000,0x0000000082d45d20,0x0000000084300000)
 Metaspace       used 52958K, committed 54336K, reserved 1114112K
  class space    used 5746K, committed 6336K, reserved 1048576K
}
Event: 50.142 GC heap after
{Heap after GC invocations=36 (full 2):
 PSYoungGen      total 15872K, used 495K [0x00000000d5580000, 0x00000000d6a80000, 0x0000000100000000)
  eden space 15360K, 0% used [0x00000000d5580000,0x00000000d5580000,0x00000000d6480000)
  from space 512K, 96% used [0x00000000d6700000,0x00000000d677bd00,0x00000000d6780000)
  to   space 2560K, 0% used [0x00000000d6480000,0x00000000d6480000,0x00000000d6700000)
 ParOldGen       total 68608K, used 47996K [0x0000000080000000, 0x0000000084300000, 0x00000000d5580000)
  object space 68608K, 69% used [0x0000000080000000,0x0000000082edf2c8,0x0000000084300000)
 Metaspace       used 52958K, committed 54336K, reserved 1114112K
  class space    used 5746K, committed 6336K, reserved 1048576K
}
Event: 50.394 GC heap before
{Heap before GC invocations=37 (full 2):
 PSYoungGen      total 15872K, used 15855K [0x00000000d5580000, 0x00000000d6a80000, 0x0000000100000000)
  eden space 15360K, 100% used [0x00000000d5580000,0x00000000d6480000,0x00000000d6480000)
  from space 512K, 96% used [0x00000000d6700000,0x00000000d677bd00,0x00000000d6780000)
  to   space 2560K, 0% used [0x00000000d6480000,0x00000000d6480000,0x00000000d6700000)
 ParOldGen       total 68608K, used 47996K [0x0000000080000000, 0x0000000084300000, 0x00000000d5580000)
  object space 68608K, 69% used [0x0000000080000000,0x0000000082edf2c8,0x0000000084300000)
 Metaspace       used 52969K, committed 54336K, reserved 1114112K
  class space    used 5746K, committed 6336K, reserved 1048576K
}
Event: 50.404 GC heap after
{Heap after GC invocations=37 (full 2):
 PSYoungGen      total 16384K, used 617K [0x00000000d5580000, 0x00000000d6780000, 0x0000000100000000)
  eden space 15360K, 0% used [0x00000000d5580000,0x00000000d5580000,0x00000000d6480000)
  from space 1024K, 60% used [0x00000000d6480000,0x00000000d651a7d0,0x00000000d6580000)
  to   space 1536K, 0% used [0x00000000d6600000,0x00000000d6600000,0x00000000d6780000)
 ParOldGen       total 68608K, used 48684K [0x0000000080000000, 0x0000000084300000, 0x00000000d5580000)
  object space 68608K, 70% used [0x0000000080000000,0x0000000082f8b150,0x0000000084300000)
 Metaspace       used 52969K, committed 54336K, reserved 1114112K
  class space    used 5746K, committed 6336K, reserved 1048576K
}
Event: 51.252 GC heap before
{Heap before GC invocations=38 (full 2):
 PSYoungGen      total 16384K, used 15977K [0x00000000d5580000, 0x00000000d6780000, 0x0000000100000000)
  eden space 15360K, 100% used [0x00000000d5580000,0x00000000d6480000,0x00000000d6480000)
  from space 1024K, 60% used [0x00000000d6480000,0x00000000d651a7d0,0x00000000d6580000)
  to   space 1536K, 0% used [0x00000000d6600000,0x00000000d6600000,0x00000000d6780000)
 ParOldGen       total 68608K, used 48684K [0x0000000080000000, 0x0000000084300000, 0x00000000d5580000)
  object space 68608K, 70% used [0x0000000080000000,0x0000000082f8b150,0x0000000084300000)
 Metaspace       used 54375K, committed 55744K, reserved 1114112K
  class space    used 5878K, committed 6464K, reserved 1048576K
}
Event: 51.257 GC heap after
{Heap after GC invocations=38 (full 2):
 PSYoungGen      total 15872K, used 448K [0x00000000d5580000, 0x00000000d6680000, 0x0000000100000000)
  eden space 15360K, 0% used [0x00000000d5580000,0x00000000d5580000,0x00000000d6480000)
  from space 512K, 87% used [0x00000000d6600000,0x00000000d6670000,0x00000000d6680000)
  to   space 1024K, 0% used [0x00000000d6480000,0x00000000d6480000,0x00000000d6580000)
 ParOldGen       total 68608K, used 48868K [0x0000000080000000, 0x0000000084300000, 0x00000000d5580000)
  object space 68608K, 71% used [0x0000000080000000,0x0000000082fb9150,0x0000000084300000)
 Metaspace       used 54375K, committed 55744K, reserved 1114112K
  class space    used 5878K, committed 6464K, reserved 1048576K
}

