# JRE version: Java(TM) SE Runtime Environment (25.0.1+8) (build 25.0.1+8-LTS-27)
# Java VM: Java HotSpot(TM) 64-Bit Server VM (25.0.1+8-LTS-27, mixed mode, sharing, tiered, compressed oops, compressed class ptrs, g1 gc, windows-amd64)
GC Precious Log:
 CardTable entry size: 512
 Card Set container configuration: InlinePtr #cards 5 size 8 Array Of Cards #cards 10 size 36 Howl #buckets 4 coarsen threshold 1843 Howl Bitmap #cards 512 size 80 coarsen threshold 460 Card regions per heap region 1 cards per card region 2048
 CPUs: 8 total, 8 available
 Memory: 3460M
 Large Page Support: Disabled
 NUMA Support: Disabled
 Compressed Oops: Enabled (32-bit)
 Heap Region Size: 1M
 Heap Min Capacity: 8M
 Heap Initial Capacity: 56M
 Heap Max Capacity: 866M
 Pre-touch: Disabled
 Parallel Workers: 8
 Concurrent Workers: 2
 Concurrent Refinement Workers: 8
 Periodic GC: Disabled
Heap:
 garbage-first heap   total reserved 886784K, committed 179200K, used 103172K [0x00000000c9e00000, 0x0000000100000000)
  region size 1024K, 22 young (22528K), 5 survivors (5120K)
GC Heap Usage History (20 events):
Event: 16.069 {heap Before GC invocations=19 (full 0):
 garbage-first heap   total reserved 886784K, committed 103424K, used 93521K [0x00000000c9e00000, 0x0000000100000000)
  region size 1024K, 57 young (58368K), 4 survivors (4096K)
}
Event: 16.083 {heap After GC invocations=20 (full 0):
 garbage-first heap   total reserved 886784K, committed 103424K, used 41483K [0x00000000c9e00000, 0x0000000100000000)
  region size 1024K, 5 young (5120K), 5 survivors (5120K)
}
Event: 16.269 {heap Before GC invocations=20 (full 0):
 garbage-first heap   total reserved 886784K, committed 103424K, used 93707K [0x00000000c9e00000, 0x0000000100000000)
  region size 1024K, 57 young (58368K), 5 survivors (5120K)
}
Event: 16.281 {heap After GC invocations=21 (full 0):
 garbage-first heap   total reserved 886784K, committed 103424K, used 40967K [0x00000000c9e00000, 0x0000000100000000)
  region size 1024K, 3 young (3072K), 3 survivors (3072K)
}
Event: 16.666 {heap Before GC invocations=21 (full 0):
 garbage-first heap   total reserved 886784K, committed 103424K, used 95239K [0x00000000c9e00000, 0x0000000100000000)
  region size 1024K, 56 young (57344K), 3 survivors (3072K)
}
Event: 16.672 {heap After GC invocations=22 (full 0):
 garbage-first heap   total reserved 886784K, committed 179200K, used 40530K [0x00000000c9e00000, 0x0000000100000000)
  region size 1024K, 2 young (2048K), 2 survivors (2048K)
}
Event: 18.643 {heap Before GC invocations=22 (full 0):
 garbage-first heap   total reserved 886784K, committed 179200K, used 148050K [0x00000000c9e00000, 0x0000000100000000)
  region size 1024K, 105 young (107520K), 2 survivors (2048K)
}
Event: 18.677 {heap After GC invocations=23 (full 0):
 garbage-first heap   total reserved 886784K, committed 179200K, used 65530K [0x00000000c9e00000, 0x0000000100000000)
  region size 1024K, 14 young (14336K), 14 survivors (14336K)
}
Event: 20.454 {heap Before GC invocations=23 (full 0):
 garbage-first heap   total reserved 886784K, committed 179200K, used 151546K [0x00000000c9e00000, 0x0000000100000000)
  region size 1024K, 98 young (100352K), 14 survivors (14336K)
}
Event: 20.485 {heap After GC invocations=24 (full 0):
 garbage-first heap   total reserved 886784K, committed 179200K, used 75776K [0x00000000c9e00000, 0x0000000100000000)
  region size 1024K, 10 young (10240K), 10 survivors (10240K)
}
Event: 21.419 {heap Before GC invocations=24 (full 0):
 garbage-first heap   total reserved 886784K, committed 179200K, used 151552K [0x00000000c9e00000, 0x0000000100000000)
  region size 1024K, 84 young (86016K), 10 survivors (10240K)
}
Event: 21.432 {heap After GC invocations=25 (full 0):
 garbage-first heap   total reserved 886784K, committed 179200K, used 78751K [0x00000000c9e00000, 0x0000000100000000)
  region size 1024K, 3 young (3072K), 3 survivors (3072K)
}
Event: 22.630 {heap Before GC invocations=25 (full 0):
 garbage-first heap   total reserved 886784K, committed 179200K, used 157599K [0x00000000c9e00000, 0x0000000100000000)
  region size 1024K, 79 young (80896K), 3 survivors (3072K)
}
Event: 22.639 {heap After GC invocations=26 (full 0):
 garbage-first heap   total reserved 886784K, committed 179200K, used 84992K [0x00000000c9e00000, 0x0000000100000000)
  region size 1024K, 7 young (7168K), 7 survivors (7168K)
}
Event: 22.895 {heap Before GC invocations=26 (full 0):
 garbage-first heap   total reserved 886784K, committed 179200K, used 157696K [0x00000000c9e00000, 0x0000000100000000)
  region size 1024K, 79 young (80896K), 7 survivors (7168K)
}
Event: 22.906 {heap After GC invocations=27 (full 0):
 garbage-first heap   total reserved 886784K, committed 179200K, used 85414K [0x00000000c9e00000, 0x0000000100000000)
  region size 1024K, 5 young (5120K), 5 survivors (5120K)
}
Event: 23.330 {heap Before GC invocations=27 (full 0):
 garbage-first heap   total reserved 886784K, committed 179200K, used 159142K [0x00000000c9e00000, 0x0000000100000000)
  region size 1024K, 77 young (78848K), 5 survivors (5120K)
}
Event: 23.343 {heap After GC invocations=28 (full 0):
 garbage-first heap   total reserved 886784K, committed 179200K, used 87989K [0x00000000c9e00000, 0x0000000100000000)
  region size 1024K, 7 young (7168K), 7 survivors (7168K)
}
Event: 26.004 {heap Before GC invocations=29 (full 0):
 garbage-first heap   total reserved 886784K, committed 179200K, used 157621K [0x00000000c9e00000, 0x0000000100000000)
  region size 1024K, 76 young (77824K), 7 survivors (7168K)
}
Event: 26.016 {heap After GC invocations=30 (full 0):
 garbage-first heap   total reserved 886784K, committed 179200K, used 87812K [0x00000000c9e00000, 0x0000000100000000)
  region size 1024K, 5 young (5120K), 5 survivors (5120K)
}

